C:\Program Files\Microsoft Visual Studio\2022\Community\MSBuild\Microsoft\VC\v170\Microsoft.CppBuild.targets(517,5): warning MSB8004: Output 디렉터리가 슬래시로 끝나지 않습니다. Output 디렉터리의 적절한 평가를 허용하는 데 필요하므로 이 빌드 인스턴스에서 슬래시를 추가합니다.
  CCharger.cpp
  CLevel_End.cpp
C:\Users\dizzy\OneDrive\바탕 화면\study_git\Isaac_Imitation\WinAPI\WinAPI\CLevel.h(36,91): warning C4267: 'return': 'size_t'에서 'int'(으)로 변환하면서 데이터가 손실될 수 있습니다.
  (소스 파일 '/CLevel_End.cpp'을(를) 컴파일하는 중)
  
C:\Users\dizzy\OneDrive\바탕 화면\study_git\Isaac_Imitation\WinAPI\WinAPI\CLevel_End.cpp(74,67): warning C4244: '인수': 'float'에서 'int'(으)로 변환하면서 데이터가 손실될 수 있습니다.
  (소스 파일 '/CLevel_End.cpp'을(를) 컴파일하는 중)
  
C:\Users\dizzy\OneDrive\바탕 화면\study_git\Isaac_Imitation\WinAPI\WinAPI\CLevel_End.cpp(74,39): warning C4244: '인수': 'float'에서 'int'(으)로 변환하면서 데이터가 손실될 수 있습니다.
  (소스 파일 '/CLevel_End.cpp'을(를) 컴파일하는 중)
  
C:\Users\dizzy\OneDrive\바탕 화면\study_git\Isaac_Imitation\WinAPI\WinAPI\CLevel_End.cpp(73,71): warning C4244: '인수': 'float'에서 'int'(으)로 변환하면서 데이터가 손실될 수 있습니다.
  (소스 파일 '/CLevel_End.cpp'을(를) 컴파일하는 중)
  
C:\Users\dizzy\OneDrive\바탕 화면\study_git\Isaac_Imitation\WinAPI\WinAPI\CLevel_End.cpp(73,41): warning C4244: '인수': 'float'에서 'int'(으)로 변환하면서 데이터가 손실될 수 있습니다.
  (소스 파일 '/CLevel_End.cpp'을(를) 컴파일하는 중)
  
C:\Users\dizzy\OneDrive\바탕 화면\study_git\Isaac_Imitation\WinAPI\WinAPI\CLevel_End.cpp(71,48): warning C4244: '인수': 'float'에서 'int'(으)로 변환하면서 데이터가 손실될 수 있습니다.
  (소스 파일 '/CLevel_End.cpp'을(를) 컴파일하는 중)
  
C:\Users\dizzy\OneDrive\바탕 화면\study_git\Isaac_Imitation\WinAPI\WinAPI\CLevel_End.cpp(71,29): warning C4244: '인수': 'float'에서 'int'(으)로 변환하면서 데이터가 손실될 수 있습니다.
  (소스 파일 '/CLevel_End.cpp'을(를) 컴파일하는 중)
  
C:\Users\dizzy\OneDrive\바탕 화면\study_git\Isaac_Imitation\WinAPI\WinAPI\CLevel_End.cpp(70,24): warning C4244: '인수': 'float'에서 'int'(으)로 변환하면서 데이터가 손실될 수 있습니다.
  (소스 파일 '/CLevel_End.cpp'을(를) 컴파일하는 중)
  
C:\Users\dizzy\OneDrive\바탕 화면\study_git\Isaac_Imitation\WinAPI\WinAPI\CLevel_End.cpp(69,24): warning C4244: '인수': 'float'에서 'int'(으)로 변환하면서 데이터가 손실될 수 있습니다.
  (소스 파일 '/CLevel_End.cpp'을(를) 컴파일하는 중)
  
C:\Users\dizzy\OneDrive\바탕 화면\study_git\Isaac_Imitation\WinAPI\WinAPI\CLevel_End.cpp(84,67): warning C4244: '인수': 'float'에서 'int'(으)로 변환하면서 데이터가 손실될 수 있습니다.
  (소스 파일 '/CLevel_End.cpp'을(를) 컴파일하는 중)
  
C:\Users\dizzy\OneDrive\바탕 화면\study_git\Isaac_Imitation\WinAPI\WinAPI\CLevel_End.cpp(84,39): warning C4244: '인수': 'float'에서 'int'(으)로 변환하면서 데이터가 손실될 수 있습니다.
  (소스 파일 '/CLevel_End.cpp'을(를) 컴파일하는 중)
  
C:\Users\dizzy\OneDrive\바탕 화면\study_git\Isaac_Imitation\WinAPI\WinAPI\CLevel_End.cpp(83,71): warning C4244: '인수': 'float'에서 'int'(으)로 변환하면서 데이터가 손실될 수 있습니다.
  (소스 파일 '/CLevel_End.cpp'을(를) 컴파일하는 중)
  
C:\Users\dizzy\OneDrive\바탕 화면\study_git\Isaac_Imitation\WinAPI\WinAPI\CLevel_End.cpp(83,41): warning C4244: '인수': 'float'에서 'int'(으)로 변환하면서 데이터가 손실될 수 있습니다.
  (소스 파일 '/CLevel_End.cpp'을(를) 컴파일하는 중)
  
C:\Users\dizzy\OneDrive\바탕 화면\study_git\Isaac_Imitation\WinAPI\WinAPI\CLevel_End.cpp(81,55): warning C4244: '인수': 'float'에서 'int'(으)로 변환하면서 데이터가 손실될 수 있습니다.
  (소스 파일 '/CLevel_End.cpp'을(를) 컴파일하는 중)
  
C:\Users\dizzy\OneDrive\바탕 화면\study_git\Isaac_Imitation\WinAPI\WinAPI\CLevel_End.cpp(81,18): warning C4244: '인수': 'float'에서 'int'(으)로 변환하면서 데이터가 손실될 수 있습니다.
  (소스 파일 '/CLevel_End.cpp'을(를) 컴파일하는 중)
  
C:\Users\dizzy\OneDrive\바탕 화면\study_git\Isaac_Imitation\WinAPI\WinAPI\CLevel_End.cpp(80,24): warning C4244: '인수': 'float'에서 'int'(으)로 변환하면서 데이터가 손실될 수 있습니다.
  (소스 파일 '/CLevel_End.cpp'을(를) 컴파일하는 중)
  
C:\Users\dizzy\OneDrive\바탕 화면\study_git\Isaac_Imitation\WinAPI\WinAPI\CLevel_End.cpp(79,24): warning C4244: '인수': 'float'에서 'int'(으)로 변환하면서 데이터가 손실될 수 있습니다.
  (소스 파일 '/CLevel_End.cpp'을(를) 컴파일하는 중)
  
C:\Users\dizzy\OneDrive\바탕 화면\study_git\Isaac_Imitation\WinAPI\WinAPI\CLevel_End.cpp(94,67): warning C4244: '인수': 'float'에서 'int'(으)로 변환하면서 데이터가 손실될 수 있습니다.
  (소스 파일 '/CLevel_End.cpp'을(를) 컴파일하는 중)
  
C:\Users\dizzy\OneDrive\바탕 화면\study_git\Isaac_Imitation\WinAPI\WinAPI\CLevel_End.cpp(94,39): warning C4244: '인수': 'float'에서 'int'(으)로 변환하면서 데이터가 손실될 수 있습니다.
  (소스 파일 '/CLevel_End.cpp'을(를) 컴파일하는 중)
  
C:\Users\dizzy\OneDrive\바탕 화면\study_git\Isaac_Imitation\WinAPI\WinAPI\CLevel_End.cpp(93,71): warning C4244: '인수': 'float'에서 'int'(으)로 변환하면서 데이터가 손실될 수 있습니다.
  (소스 파일 '/CLevel_End.cpp'을(를) 컴파일하는 중)
  
C:\Users\dizzy\OneDrive\바탕 화면\study_git\Isaac_Imitation\WinAPI\WinAPI\CLevel_End.cpp(93,41): warning C4244: '인수': 'float'에서 'int'(으)로 변환하면서 데이터가 손실될 수 있습니다.
  (소스 파일 '/CLevel_End.cpp'을(를) 컴파일하는 중)
  
C:\Users\dizzy\OneDrive\바탕 화면\study_git\Isaac_Imitation\WinAPI\WinAPI\CLevel_End.cpp(91,37): warning C4244: '인수': 'float'에서 'int'(으)로 변환하면서 데이터가 손실될 수 있습니다.
  (소스 파일 '/CLevel_End.cpp'을(를) 컴파일하는 중)
  
C:\Users\dizzy\OneDrive\바탕 화면\study_git\Isaac_Imitation\WinAPI\WinAPI\CLevel_End.cpp(91,29): warning C4244: '인수': 'float'에서 'int'(으)로 변환하면서 데이터가 손실될 수 있습니다.
  (소스 파일 '/CLevel_End.cpp'을(를) 컴파일하는 중)
  
C:\Users\dizzy\OneDrive\바탕 화면\study_git\Isaac_Imitation\WinAPI\WinAPI\CLevel_End.cpp(90,24): warning C4244: '인수': 'float'에서 'int'(으)로 변환하면서 데이터가 손실될 수 있습니다.
  (소스 파일 '/CLevel_End.cpp'을(를) 컴파일하는 중)
  
C:\Users\dizzy\OneDrive\바탕 화면\study_git\Isaac_Imitation\WinAPI\WinAPI\CLevel_End.cpp(89,24): warning C4244: '인수': 'float'에서 'int'(으)로 변환하면서 데이터가 손실될 수 있습니다.
  (소스 파일 '/CLevel_End.cpp'을(를) 컴파일하는 중)
  
C:\Users\dizzy\OneDrive\바탕 화면\study_git\Isaac_Imitation\WinAPI\WinAPI\CLevel_End.cpp(104,67): warning C4244: '인수': 'float'에서 'int'(으)로 변환하면서 데이터가 손실될 수 있습니다.
  (소스 파일 '/CLevel_End.cpp'을(를) 컴파일하는 중)
  
C:\Users\dizzy\OneDrive\바탕 화면\study_git\Isaac_Imitation\WinAPI\WinAPI\CLevel_End.cpp(104,39): warning C4244: '인수': 'float'에서 'int'(으)로 변환하면서 데이터가 손실될 수 있습니다.
  (소스 파일 '/CLevel_End.cpp'을(를) 컴파일하는 중)
  
C:\Users\dizzy\OneDrive\바탕 화면\study_git\Isaac_Imitation\WinAPI\WinAPI\CLevel_End.cpp(103,71): warning C4244: '인수': 'float'에서 'int'(으)로 변환하면서 데이터가 손실될 수 있습니다.
  (소스 파일 '/CLevel_End.cpp'을(를) 컴파일하는 중)
  
C:\Users\dizzy\OneDrive\바탕 화면\study_git\Isaac_Imitation\WinAPI\WinAPI\CLevel_End.cpp(103,41): warning C4244: '인수': 'float'에서 'int'(으)로 변환하면서 데이터가 손실될 수 있습니다.
  (소스 파일 '/CLevel_End.cpp'을(를) 컴파일하는 중)
  
C:\Users\dizzy\OneDrive\바탕 화면\study_git\Isaac_Imitation\WinAPI\WinAPI\CLevel_End.cpp(101,44): warning C4244: '인수': 'float'에서 'int'(으)로 변환하면서 데이터가 손실될 수 있습니다.
  (소스 파일 '/CLevel_End.cpp'을(를) 컴파일하는 중)
  
C:\Users\dizzy\OneDrive\바탕 화면\study_git\Isaac_Imitation\WinAPI\WinAPI\CLevel_End.cpp(101,18): warning C4244: '인수': 'float'에서 'int'(으)로 변환하면서 데이터가 손실될 수 있습니다.
  (소스 파일 '/CLevel_End.cpp'을(를) 컴파일하는 중)
  
C:\Users\dizzy\OneDrive\바탕 화면\study_git\Isaac_Imitation\WinAPI\WinAPI\CLevel_End.cpp(100,24): warning C4244: '인수': 'float'에서 'int'(으)로 변환하면서 데이터가 손실될 수 있습니다.
  (소스 파일 '/CLevel_End.cpp'을(를) 컴파일하는 중)
  
C:\Users\dizzy\OneDrive\바탕 화면\study_git\Isaac_Imitation\WinAPI\WinAPI\CLevel_End.cpp(99,24): warning C4244: '인수': 'float'에서 'int'(으)로 변환하면서 데이터가 손실될 수 있습니다.
  (소스 파일 '/CLevel_End.cpp'을(를) 컴파일하는 중)
  
  CLevel_Start.cpp
C:\Users\dizzy\OneDrive\바탕 화면\study_git\Isaac_Imitation\WinAPI\WinAPI\CLevel.h(36,91): warning C4267: 'return': 'size_t'에서 'int'(으)로 변환하면서 데이터가 손실될 수 있습니다.
  (소스 파일 '/CLevel_Start.cpp'을(를) 컴파일하는 중)
  
C:\Users\dizzy\OneDrive\바탕 화면\study_git\Isaac_Imitation\WinAPI\WinAPI\CPlayer.h(94,55): warning C4267: 'return': 'size_t'에서 'int'(으)로 변환하면서 데이터가 손실될 수 있습니다.
  (소스 파일 '/CLevel_Start.cpp'을(를) 컴파일하는 중)
  
C:\Users\dizzy\OneDrive\바탕 화면\study_git\Isaac_Imitation\WinAPI\WinAPI\CLevel_Start.cpp(428,67): warning C4244: '인수': 'float'에서 'int'(으)로 변환하면서 데이터가 손실될 수 있습니다.
  (소스 파일 '/CLevel_Start.cpp'을(를) 컴파일하는 중)
  
C:\Users\dizzy\OneDrive\바탕 화면\study_git\Isaac_Imitation\WinAPI\WinAPI\CLevel_Start.cpp(428,39): warning C4244: '인수': 'float'에서 'int'(으)로 변환하면서 데이터가 손실될 수 있습니다.
  (소스 파일 '/CLevel_Start.cpp'을(를) 컴파일하는 중)
  
C:\Users\dizzy\OneDrive\바탕 화면\study_git\Isaac_Imitation\WinAPI\WinAPI\CLevel_Start.cpp(427,71): warning C4244: '인수': 'float'에서 'int'(으)로 변환하면서 데이터가 손실될 수 있습니다.
  (소스 파일 '/CLevel_Start.cpp'을(를) 컴파일하는 중)
  
C:\Users\dizzy\OneDrive\바탕 화면\study_git\Isaac_Imitation\WinAPI\WinAPI\CLevel_Start.cpp(427,41): warning C4244: '인수': 'float'에서 'int'(으)로 변환하면서 데이터가 손실될 수 있습니다.
  (소스 파일 '/CLevel_Start.cpp'을(를) 컴파일하는 중)
  
C:\Users\dizzy\OneDrive\바탕 화면\study_git\Isaac_Imitation\WinAPI\WinAPI\CLevel_Start.cpp(425,48): warning C4244: '인수': 'float'에서 'int'(으)로 변환하면서 데이터가 손실될 수 있습니다.
  (소스 파일 '/CLevel_Start.cpp'을(를) 컴파일하는 중)
  
C:\Users\dizzy\OneDrive\바탕 화면\study_git\Isaac_Imitation\WinAPI\WinAPI\CLevel_Start.cpp(425,29): warning C4244: '인수': 'float'에서 'int'(으)로 변환하면서 데이터가 손실될 수 있습니다.
  (소스 파일 '/CLevel_Start.cpp'을(를) 컴파일하는 중)
  
C:\Users\dizzy\OneDrive\바탕 화면\study_git\Isaac_Imitation\WinAPI\WinAPI\CLevel_Start.cpp(424,24): warning C4244: '인수': 'float'에서 'int'(으)로 변환하면서 데이터가 손실될 수 있습니다.
  (소스 파일 '/CLevel_Start.cpp'을(를) 컴파일하는 중)
  
C:\Users\dizzy\OneDrive\바탕 화면\study_git\Isaac_Imitation\WinAPI\WinAPI\CLevel_Start.cpp(423,24): warning C4244: '인수': 'float'에서 'int'(으)로 변환하면서 데이터가 손실될 수 있습니다.
  (소스 파일 '/CLevel_Start.cpp'을(를) 컴파일하는 중)
  
C:\Users\dizzy\OneDrive\바탕 화면\study_git\Isaac_Imitation\WinAPI\WinAPI\CLevel_Start.cpp(438,67): warning C4244: '인수': 'float'에서 'int'(으)로 변환하면서 데이터가 손실될 수 있습니다.
  (소스 파일 '/CLevel_Start.cpp'을(를) 컴파일하는 중)
  
C:\Users\dizzy\OneDrive\바탕 화면\study_git\Isaac_Imitation\WinAPI\WinAPI\CLevel_Start.cpp(438,39): warning C4244: '인수': 'float'에서 'int'(으)로 변환하면서 데이터가 손실될 수 있습니다.
  (소스 파일 '/CLevel_Start.cpp'을(를) 컴파일하는 중)
  
C:\Users\dizzy\OneDrive\바탕 화면\study_git\Isaac_Imitation\WinAPI\WinAPI\CLevel_Start.cpp(437,71): warning C4244: '인수': 'float'에서 'int'(으)로 변환하면서 데이터가 손실될 수 있습니다.
  (소스 파일 '/CLevel_Start.cpp'을(를) 컴파일하는 중)
  
C:\Users\dizzy\OneDrive\바탕 화면\study_git\Isaac_Imitation\WinAPI\WinAPI\CLevel_Start.cpp(437,41): warning C4244: '인수': 'float'에서 'int'(으)로 변환하면서 데이터가 손실될 수 있습니다.
  (소스 파일 '/CLevel_Start.cpp'을(를) 컴파일하는 중)
  
C:\Users\dizzy\OneDrive\바탕 화면\study_git\Isaac_Imitation\WinAPI\WinAPI\CLevel_Start.cpp(435,55): warning C4244: '인수': 'float'에서 'int'(으)로 변환하면서 데이터가 손실될 수 있습니다.
  (소스 파일 '/CLevel_Start.cpp'을(를) 컴파일하는 중)
  
C:\Users\dizzy\OneDrive\바탕 화면\study_git\Isaac_Imitation\WinAPI\WinAPI\CLevel_Start.cpp(435,18): warning C4244: '인수': 'float'에서 'int'(으)로 변환하면서 데이터가 손실될 수 있습니다.
  (소스 파일 '/CLevel_Start.cpp'을(를) 컴파일하는 중)
  
C:\Users\dizzy\OneDrive\바탕 화면\study_git\Isaac_Imitation\WinAPI\WinAPI\CLevel_Start.cpp(434,24): warning C4244: '인수': 'float'에서 'int'(으)로 변환하면서 데이터가 손실될 수 있습니다.
  (소스 파일 '/CLevel_Start.cpp'을(를) 컴파일하는 중)
  
C:\Users\dizzy\OneDrive\바탕 화면\study_git\Isaac_Imitation\WinAPI\WinAPI\CLevel_Start.cpp(433,24): warning C4244: '인수': 'float'에서 'int'(으)로 변환하면서 데이터가 손실될 수 있습니다.
  (소스 파일 '/CLevel_Start.cpp'을(를) 컴파일하는 중)
  
C:\Users\dizzy\OneDrive\바탕 화면\study_git\Isaac_Imitation\WinAPI\WinAPI\CLevel_Start.cpp(448,67): warning C4244: '인수': 'float'에서 'int'(으)로 변환하면서 데이터가 손실될 수 있습니다.
  (소스 파일 '/CLevel_Start.cpp'을(를) 컴파일하는 중)
  
C:\Users\dizzy\OneDrive\바탕 화면\study_git\Isaac_Imitation\WinAPI\WinAPI\CLevel_Start.cpp(448,39): warning C4244: '인수': 'float'에서 'int'(으)로 변환하면서 데이터가 손실될 수 있습니다.
  (소스 파일 '/CLevel_Start.cpp'을(를) 컴파일하는 중)
  
C:\Users\dizzy\OneDrive\바탕 화면\study_git\Isaac_Imitation\WinAPI\WinAPI\CLevel_Start.cpp(447,71): warning C4244: '인수': 'float'에서 'int'(으)로 변환하면서 데이터가 손실될 수 있습니다.
  (소스 파일 '/CLevel_Start.cpp'을(를) 컴파일하는 중)
  
C:\Users\dizzy\OneDrive\바탕 화면\study_git\Isaac_Imitation\WinAPI\WinAPI\CLevel_Start.cpp(447,41): warning C4244: '인수': 'float'에서 'int'(으)로 변환하면서 데이터가 손실될 수 있습니다.
  (소스 파일 '/CLevel_Start.cpp'을(를) 컴파일하는 중)
  
C:\Users\dizzy\OneDrive\바탕 화면\study_git\Isaac_Imitation\WinAPI\WinAPI\CLevel_Start.cpp(445,37): warning C4244: '인수': 'float'에서 'int'(으)로 변환하면서 데이터가 손실될 수 있습니다.
  (소스 파일 '/CLevel_Start.cpp'을(를) 컴파일하는 중)
  
C:\Users\dizzy\OneDrive\바탕 화면\study_git\Isaac_Imitation\WinAPI\WinAPI\CLevel_Start.cpp(445,29): warning C4244: '인수': 'float'에서 'int'(으)로 변환하면서 데이터가 손실될 수 있습니다.
  (소스 파일 '/CLevel_Start.cpp'을(를) 컴파일하는 중)
  
C:\Users\dizzy\OneDrive\바탕 화면\study_git\Isaac_Imitation\WinAPI\WinAPI\CLevel_Start.cpp(444,24): warning C4244: '인수': 'float'에서 'int'(으)로 변환하면서 데이터가 손실될 수 있습니다.
  (소스 파일 '/CLevel_Start.cpp'을(를) 컴파일하는 중)
  
C:\Users\dizzy\OneDrive\바탕 화면\study_git\Isaac_Imitation\WinAPI\WinAPI\CLevel_Start.cpp(443,24): warning C4244: '인수': 'float'에서 'int'(으)로 변환하면서 데이터가 손실될 수 있습니다.
  (소스 파일 '/CLevel_Start.cpp'을(를) 컴파일하는 중)
  
C:\Users\dizzy\OneDrive\바탕 화면\study_git\Isaac_Imitation\WinAPI\WinAPI\CLevel_Start.cpp(458,67): warning C4244: '인수': 'float'에서 'int'(으)로 변환하면서 데이터가 손실될 수 있습니다.
  (소스 파일 '/CLevel_Start.cpp'을(를) 컴파일하는 중)
  
C:\Users\dizzy\OneDrive\바탕 화면\study_git\Isaac_Imitation\WinAPI\WinAPI\CLevel_Start.cpp(458,39): warning C4244: '인수': 'float'에서 'int'(으)로 변환하면서 데이터가 손실될 수 있습니다.
  (소스 파일 '/CLevel_Start.cpp'을(를) 컴파일하는 중)
  
C:\Users\dizzy\OneDrive\바탕 화면\study_git\Isaac_Imitation\WinAPI\WinAPI\CLevel_Start.cpp(457,71): warning C4244: '인수': 'float'에서 'int'(으)로 변환하면서 데이터가 손실될 수 있습니다.
  (소스 파일 '/CLevel_Start.cpp'을(를) 컴파일하는 중)
  
C:\Users\dizzy\OneDrive\바탕 화면\study_git\Isaac_Imitation\WinAPI\WinAPI\CLevel_Start.cpp(457,41): warning C4244: '인수': 'float'에서 'int'(으)로 변환하면서 데이터가 손실될 수 있습니다.
  (소스 파일 '/CLevel_Start.cpp'을(를) 컴파일하는 중)
  
C:\Users\dizzy\OneDrive\바탕 화면\study_git\Isaac_Imitation\WinAPI\WinAPI\CLevel_Start.cpp(455,44): warning C4244: '인수': 'float'에서 'int'(으)로 변환하면서 데이터가 손실될 수 있습니다.
  (소스 파일 '/CLevel_Start.cpp'을(를) 컴파일하는 중)
  
C:\Users\dizzy\OneDrive\바탕 화면\study_git\Isaac_Imitation\WinAPI\WinAPI\CLevel_Start.cpp(455,18): warning C4244: '인수': 'float'에서 'int'(으)로 변환하면서 데이터가 손실될 수 있습니다.
  (소스 파일 '/CLevel_Start.cpp'을(를) 컴파일하는 중)
  
C:\Users\dizzy\OneDrive\바탕 화면\study_git\Isaac_Imitation\WinAPI\WinAPI\CLevel_Start.cpp(454,24): warning C4244: '인수': 'float'에서 'int'(으)로 변환하면서 데이터가 손실될 수 있습니다.
  (소스 파일 '/CLevel_Start.cpp'을(를) 컴파일하는 중)
  
C:\Users\dizzy\OneDrive\바탕 화면\study_git\Isaac_Imitation\WinAPI\WinAPI\CLevel_Start.cpp(453,24): warning C4244: '인수': 'float'에서 'int'(으)로 변환하면서 데이터가 손실될 수 있습니다.
  (소스 파일 '/CLevel_Start.cpp'을(를) 컴파일하는 중)
  
  CMonstro.cpp
  CMonstroJumpState.cpp
C:\Users\dizzy\OneDrive\바탕 화면\study_git\Isaac_Imitation\WinAPI\WinAPI\CMonstroJumpState.cpp(107,16): warning C4244: '인수': 'time_t'에서 'unsigned int'(으)로 변환하면서 데이터가 손실될 수 있습니다.
  (소스 파일 '/CMonstroJumpState.cpp'을(를) 컴파일하는 중)
  
C:\Users\dizzy\OneDrive\바탕 화면\study_git\Isaac_Imitation\WinAPI\WinAPI\CMonstroJumpState.cpp(113,33): warning C4244: '인수': 'int'에서 'float'(으)로 변환하면서 데이터가 손실될 수 있습니다.
  (소스 파일 '/CMonstroJumpState.cpp'을(를) 컴파일하는 중)
  
C:\Users\dizzy\OneDrive\바탕 화면\study_git\Isaac_Imitation\WinAPI\WinAPI\CMonstroJumpState.cpp(113,47): warning C4244: '인수': 'int'에서 'float'(으)로 변환하면서 데이터가 손실될 수 있습니다.
  (소스 파일 '/CMonstroJumpState.cpp'을(를) 컴파일하는 중)
  
  CPooter.cpp
  EndingObj.cpp
C:\Users\dizzy\OneDrive\바탕 화면\study_git\Isaac_Imitation\WinAPI\WinAPI\CFlipbook.h(16,52): warning C4267: 'return': 'size_t'에서 'int'(으)로 변환하면서 데이터가 손실될 수 있습니다.
  (소스 파일 '/EndingObj.cpp'을(를) 컴파일하는 중)
  
  코드를 생성하고 있습니다.
  39 of 2328 functions ( 1.7%) were compiled, the rest were copied from previous compilation.
    8 functions were new in current compilation
    16 functions had inline decision re-evaluated but remain unchanged
  코드를 생성했습니다.
  WinAPI.vcxproj -> C:\Users\dizzy\OneDrive\바탕 화면\study_git\Isaac_Imitation\WinAPI\OutputFile\bin\MyGame.exe
